The target system is: Arduino -  - 
The host system is: Linux - 4.15.4-300.fc27.x86_64 - x86_64
Compiling the C compiler identification source file "CMakeCCompilerId.c" succeeded.
Compiler: /usr/bin/avr-gcc 
Build flags: 
Id flags:  

The output was:
0


Compilation of the C compiler identification source "CMakeCCompilerId.c" produced "a.out"

The C compiler identification is GNU, found in "/home/mschwarz/fhnw/pro4E/arduino_pro4/cmake-build-debug/CMakeFiles/3.8.2/CompilerIdC/a.out"

Compiling the CXX compiler identification source file "CMakeCXXCompilerId.cpp" succeeded.
Compiler: /opt/arduino-1.8.5/hardware/tools/avr/bin/avr-g++ 
Build flags: 
Id flags:  

The output was:
0


Compilation of the CXX compiler identification source "CMakeCXXCompilerId.cpp" produced "a.out"

The CXX compiler identification is GNU, found in "/home/mschwarz/fhnw/pro4E/arduino_pro4/cmake-build-debug/CMakeFiles/3.8.2/CompilerIdCXX/a.out"

Determining if the C compiler works passed with the following output:
Change Dir: /home/mschwarz/fhnw/pro4E/arduino_pro4/cmake-build-debug/CMakeFiles/CMakeTmp

Run Build Command:"/usr/bin/gmake" "cmTC_ba842/fast"
/usr/bin/gmake -f CMakeFiles/cmTC_ba842.dir/build.make CMakeFiles/cmTC_ba842.dir/build
gmake[1]: Entering directory '/home/mschwarz/fhnw/pro4E/arduino_pro4/cmake-build-debug/CMakeFiles/CMakeTmp'
Building C object CMakeFiles/cmTC_ba842.dir/testCCompiler.c.obj
/usr/bin/avr-gcc   -g -Os -w -ffunction-sections -fdata-sections -MMD    -o CMakeFiles/cmTC_ba842.dir/testCCompiler.c.obj   -c /home/mschwarz/fhnw/pro4E/arduino_pro4/cmake-build-debug/CMakeFiles/CMakeTmp/testCCompiler.c
Linking C executable cmTC_ba842
/opt/clion-2017.2.3/bin/cmake/bin/cmake -E cmake_link_script CMakeFiles/cmTC_ba842.dir/link.txt --verbose=1
/usr/bin/avr-gcc -g -Os -w -ffunction-sections -fdata-sections -MMD   -w -Os -Wl,--gc-sections  CMakeFiles/cmTC_ba842.dir/testCCompiler.c.obj  -o cmTC_ba842 
gmake[1]: Leaving directory '/home/mschwarz/fhnw/pro4E/arduino_pro4/cmake-build-debug/CMakeFiles/CMakeTmp'


Detecting C compiler ABI info compiled with the following output:
Change Dir: /home/mschwarz/fhnw/pro4E/arduino_pro4/cmake-build-debug/CMakeFiles/CMakeTmp

Run Build Command:"/usr/bin/gmake" "cmTC_0b85b/fast"
/usr/bin/gmake -f CMakeFiles/cmTC_0b85b.dir/build.make CMakeFiles/cmTC_0b85b.dir/build
gmake[1]: Entering directory '/home/mschwarz/fhnw/pro4E/arduino_pro4/cmake-build-debug/CMakeFiles/CMakeTmp'
Building C object CMakeFiles/cmTC_0b85b.dir/CMakeCCompilerABI.c.obj
/usr/bin/avr-gcc   -g -Os -w -ffunction-sections -fdata-sections -MMD    -o CMakeFiles/cmTC_0b85b.dir/CMakeCCompilerABI.c.obj   -c /opt/clion-2017.2.3/bin/cmake/share/cmake-3.8/Modules/CMakeCCompilerABI.c
Linking C executable cmTC_0b85b
/opt/clion-2017.2.3/bin/cmake/bin/cmake -E cmake_link_script CMakeFiles/cmTC_0b85b.dir/link.txt --verbose=1
/usr/bin/avr-gcc -g -Os -w -ffunction-sections -fdata-sections -MMD   -w -Os -Wl,--gc-sections -v CMakeFiles/cmTC_0b85b.dir/CMakeCCompilerABI.c.obj  -o cmTC_0b85b 
Using built-in specs.
Reading specs from /usr/lib/gcc/avr/7.2.0/device-specs/specs-avr2
COLLECT_GCC=/usr/bin/avr-gcc
COLLECT_LTO_WRAPPER=/usr/libexec/gcc/avr/7.2.0/lto-wrapper
Target: avr
Configured with: ../gcc-7.2.0/configure --prefix=/usr --mandir=/usr/share/man --infodir=/usr/share/info --target=avr --enable-languages=c,c++ --disable-nls --disable-libssp --with-system-zlib --enable-version-specific-runtime-libs --with-pkgversion='Fedora 7.2.0-1.fc27' --with-bugurl=https://bugzilla.redhat.com/
Thread model: single
gcc version 7.2.0 (Fedora 7.2.0-1.fc27) 
COMPILER_PATH=/usr/libexec/gcc/avr/7.2.0/:/usr/libexec/gcc/avr/7.2.0/:/usr/libexec/gcc/avr/:/usr/lib/gcc/avr/7.2.0/:/usr/lib/gcc/avr/:/usr/lib/gcc/avr/7.2.0/../../../../avr/bin/
LIBRARY_PATH=/usr/lib/gcc/avr/7.2.0/:/usr/lib/gcc/avr/7.2.0/../../../../avr/lib/
COLLECT_GCC_OPTIONS='-g' '-Os' '-w' '-ffunction-sections' '-fdata-sections' '-MMD' '-w' '-Os' '-v' '-o' 'cmTC_0b85b' '-specs=device-specs/specs-avr2'
 /usr/libexec/gcc/avr/7.2.0/collect2 -plugin /usr/libexec/gcc/avr/7.2.0/liblto_plugin.so -plugin-opt=/usr/libexec/gcc/avr/7.2.0/lto-wrapper -plugin-opt=-fresolution=/tmp/ccl1q9Of.res -plugin-opt=-pass-through=-lgcc -plugin-opt=-pass-through=-lm -plugin-opt=-pass-through=-lc -o cmTC_0b85b -L/usr/lib/gcc/avr/7.2.0 -L/usr/lib/gcc/avr/7.2.0/../../../../avr/lib --gc-sections CMakeFiles/cmTC_0b85b.dir/CMakeCCompilerABI.c.obj --start-group -lgcc -lm -lc --end-group
COLLECT_GCC_OPTIONS='-g' '-Os' '-w' '-ffunction-sections' '-fdata-sections' '-MMD' '-w' '-Os' '-v' '-o' 'cmTC_0b85b' '-specs=device-specs/specs-avr2'
gmake[1]: Leaving directory '/home/mschwarz/fhnw/pro4E/arduino_pro4/cmake-build-debug/CMakeFiles/CMakeTmp'


Parsed C implicit link information from above output:
  link line regex: [^( *|.*[/\])(avr-ld|([^/\]+-)?ld|collect2)[^/\]*( |$)]
  ignore line: [Change Dir: /home/mschwarz/fhnw/pro4E/arduino_pro4/cmake-build-debug/CMakeFiles/CMakeTmp]
  ignore line: []
  ignore line: [Run Build Command:"/usr/bin/gmake" "cmTC_0b85b/fast"]
  ignore line: [/usr/bin/gmake -f CMakeFiles/cmTC_0b85b.dir/build.make CMakeFiles/cmTC_0b85b.dir/build]
  ignore line: [gmake[1]: Entering directory '/home/mschwarz/fhnw/pro4E/arduino_pro4/cmake-build-debug/CMakeFiles/CMakeTmp']
  ignore line: [Building C object CMakeFiles/cmTC_0b85b.dir/CMakeCCompilerABI.c.obj]
  ignore line: [/usr/bin/avr-gcc   -g -Os -w -ffunction-sections -fdata-sections -MMD    -o CMakeFiles/cmTC_0b85b.dir/CMakeCCompilerABI.c.obj   -c /opt/clion-2017.2.3/bin/cmake/share/cmake-3.8/Modules/CMakeCCompilerABI.c]
  ignore line: [Linking C executable cmTC_0b85b]
  ignore line: [/opt/clion-2017.2.3/bin/cmake/bin/cmake -E cmake_link_script CMakeFiles/cmTC_0b85b.dir/link.txt --verbose=1]
  ignore line: [/usr/bin/avr-gcc -g -Os -w -ffunction-sections -fdata-sections -MMD   -w -Os -Wl,--gc-sections -v CMakeFiles/cmTC_0b85b.dir/CMakeCCompilerABI.c.obj  -o cmTC_0b85b ]
  ignore line: [Using built-in specs.]
  ignore line: [Reading specs from /usr/lib/gcc/avr/7.2.0/device-specs/specs-avr2]
  ignore line: [COLLECT_GCC=/usr/bin/avr-gcc]
  ignore line: [COLLECT_LTO_WRAPPER=/usr/libexec/gcc/avr/7.2.0/lto-wrapper]
  ignore line: [Target: avr]
  ignore line: [Configured with: ../gcc-7.2.0/configure --prefix=/usr --mandir=/usr/share/man --infodir=/usr/share/info --target=avr --enable-languages=c,c++ --disable-nls --disable-libssp --with-system-zlib --enable-version-specific-runtime-libs --with-pkgversion='Fedora 7.2.0-1.fc27' --with-bugurl=https://bugzilla.redhat.com/]
  ignore line: [Thread model: single]
  ignore line: [gcc version 7.2.0 (Fedora 7.2.0-1.fc27) ]
  ignore line: [COMPILER_PATH=/usr/libexec/gcc/avr/7.2.0/:/usr/libexec/gcc/avr/7.2.0/:/usr/libexec/gcc/avr/:/usr/lib/gcc/avr/7.2.0/:/usr/lib/gcc/avr/:/usr/lib/gcc/avr/7.2.0/../../../../avr/bin/]
  ignore line: [LIBRARY_PATH=/usr/lib/gcc/avr/7.2.0/:/usr/lib/gcc/avr/7.2.0/../../../../avr/lib/]
  ignore line: [COLLECT_GCC_OPTIONS='-g' '-Os' '-w' '-ffunction-sections' '-fdata-sections' '-MMD' '-w' '-Os' '-v' '-o' 'cmTC_0b85b' '-specs=device-specs/specs-avr2']
  link line: [ /usr/libexec/gcc/avr/7.2.0/collect2 -plugin /usr/libexec/gcc/avr/7.2.0/liblto_plugin.so -plugin-opt=/usr/libexec/gcc/avr/7.2.0/lto-wrapper -plugin-opt=-fresolution=/tmp/ccl1q9Of.res -plugin-opt=-pass-through=-lgcc -plugin-opt=-pass-through=-lm -plugin-opt=-pass-through=-lc -o cmTC_0b85b -L/usr/lib/gcc/avr/7.2.0 -L/usr/lib/gcc/avr/7.2.0/../../../../avr/lib --gc-sections CMakeFiles/cmTC_0b85b.dir/CMakeCCompilerABI.c.obj --start-group -lgcc -lm -lc --end-group]
    arg [/usr/libexec/gcc/avr/7.2.0/collect2] ==> ignore
    arg [-plugin] ==> ignore
    arg [/usr/libexec/gcc/avr/7.2.0/liblto_plugin.so] ==> ignore
    arg [-plugin-opt=/usr/libexec/gcc/avr/7.2.0/lto-wrapper] ==> ignore
    arg [-plugin-opt=-fresolution=/tmp/ccl1q9Of.res] ==> ignore
    arg [-plugin-opt=-pass-through=-lgcc] ==> ignore
    arg [-plugin-opt=-pass-through=-lm] ==> ignore
    arg [-plugin-opt=-pass-through=-lc] ==> ignore
    arg [-o] ==> ignore
    arg [cmTC_0b85b] ==> ignore
    arg [-L/usr/lib/gcc/avr/7.2.0] ==> dir [/usr/lib/gcc/avr/7.2.0]
    arg [-L/usr/lib/gcc/avr/7.2.0/../../../../avr/lib] ==> dir [/usr/lib/gcc/avr/7.2.0/../../../../avr/lib]
    arg [--gc-sections] ==> ignore
    arg [CMakeFiles/cmTC_0b85b.dir/CMakeCCompilerABI.c.obj] ==> ignore
    arg [--start-group] ==> ignore
    arg [-lgcc] ==> lib [gcc]
    arg [-lm] ==> lib [m]
    arg [-lc] ==> lib [c]
    arg [--end-group] ==> ignore
  remove lib [gcc]
  collapse library dir [/usr/lib/gcc/avr/7.2.0] ==> [/usr/lib/gcc/avr/7.2.0]
  collapse library dir [/usr/lib/gcc/avr/7.2.0/../../../../avr/lib] ==> [/usr/avr/lib]
  implicit libs: [m;c]
  implicit dirs: [/usr/lib/gcc/avr/7.2.0;/usr/avr/lib]
  implicit fwks: []




Detecting C [-std=c11] compiler features compiled with the following output:
Change Dir: /home/mschwarz/fhnw/pro4E/arduino_pro4/cmake-build-debug/CMakeFiles/CMakeTmp

Run Build Command:"/usr/bin/gmake" "cmTC_efb35/fast"
/usr/bin/gmake -f CMakeFiles/cmTC_efb35.dir/build.make CMakeFiles/cmTC_efb35.dir/build
gmake[1]: Entering directory '/home/mschwarz/fhnw/pro4E/arduino_pro4/cmake-build-debug/CMakeFiles/CMakeTmp'
Building C object CMakeFiles/cmTC_efb35.dir/feature_tests.c.obj
/usr/bin/avr-gcc   -g -Os -w -ffunction-sections -fdata-sections -MMD    -std=c11 -o CMakeFiles/cmTC_efb35.dir/feature_tests.c.obj   -c /home/mschwarz/fhnw/pro4E/arduino_pro4/cmake-build-debug/CMakeFiles/feature_tests.c
Linking C executable cmTC_efb35
/opt/clion-2017.2.3/bin/cmake/bin/cmake -E cmake_link_script CMakeFiles/cmTC_efb35.dir/link.txt --verbose=1
/usr/bin/avr-gcc -g -Os -w -ffunction-sections -fdata-sections -MMD   -w -Os -Wl,--gc-sections  CMakeFiles/cmTC_efb35.dir/feature_tests.c.obj  -o cmTC_efb35 
gmake[1]: Leaving directory '/home/mschwarz/fhnw/pro4E/arduino_pro4/cmake-build-debug/CMakeFiles/CMakeTmp'




Detecting C [-std=c99] compiler features compiled with the following output:
Change Dir: /home/mschwarz/fhnw/pro4E/arduino_pro4/cmake-build-debug/CMakeFiles/CMakeTmp

Run Build Command:"/usr/bin/gmake" "cmTC_c8d2d/fast"
/usr/bin/gmake -f CMakeFiles/cmTC_c8d2d.dir/build.make CMakeFiles/cmTC_c8d2d.dir/build
gmake[1]: Entering directory '/home/mschwarz/fhnw/pro4E/arduino_pro4/cmake-build-debug/CMakeFiles/CMakeTmp'
Building C object CMakeFiles/cmTC_c8d2d.dir/feature_tests.c.obj
/usr/bin/avr-gcc   -g -Os -w -ffunction-sections -fdata-sections -MMD    -std=c99 -o CMakeFiles/cmTC_c8d2d.dir/feature_tests.c.obj   -c /home/mschwarz/fhnw/pro4E/arduino_pro4/cmake-build-debug/CMakeFiles/feature_tests.c
Linking C executable cmTC_c8d2d
/opt/clion-2017.2.3/bin/cmake/bin/cmake -E cmake_link_script CMakeFiles/cmTC_c8d2d.dir/link.txt --verbose=1
/usr/bin/avr-gcc -g -Os -w -ffunction-sections -fdata-sections -MMD   -w -Os -Wl,--gc-sections  CMakeFiles/cmTC_c8d2d.dir/feature_tests.c.obj  -o cmTC_c8d2d 
gmake[1]: Leaving directory '/home/mschwarz/fhnw/pro4E/arduino_pro4/cmake-build-debug/CMakeFiles/CMakeTmp'




Detecting C [-std=c90] compiler features compiled with the following output:
Change Dir: /home/mschwarz/fhnw/pro4E/arduino_pro4/cmake-build-debug/CMakeFiles/CMakeTmp

Run Build Command:"/usr/bin/gmake" "cmTC_52cb6/fast"
/usr/bin/gmake -f CMakeFiles/cmTC_52cb6.dir/build.make CMakeFiles/cmTC_52cb6.dir/build
gmake[1]: Entering directory '/home/mschwarz/fhnw/pro4E/arduino_pro4/cmake-build-debug/CMakeFiles/CMakeTmp'
Building C object CMakeFiles/cmTC_52cb6.dir/feature_tests.c.obj
/usr/bin/avr-gcc   -g -Os -w -ffunction-sections -fdata-sections -MMD    -std=c90 -o CMakeFiles/cmTC_52cb6.dir/feature_tests.c.obj   -c /home/mschwarz/fhnw/pro4E/arduino_pro4/cmake-build-debug/CMakeFiles/feature_tests.c
Linking C executable cmTC_52cb6
/opt/clion-2017.2.3/bin/cmake/bin/cmake -E cmake_link_script CMakeFiles/cmTC_52cb6.dir/link.txt --verbose=1
/usr/bin/avr-gcc -g -Os -w -ffunction-sections -fdata-sections -MMD   -w -Os -Wl,--gc-sections  CMakeFiles/cmTC_52cb6.dir/feature_tests.c.obj  -o cmTC_52cb6 
gmake[1]: Leaving directory '/home/mschwarz/fhnw/pro4E/arduino_pro4/cmake-build-debug/CMakeFiles/CMakeTmp'


Determining if the CXX compiler works passed with the following output:
Change Dir: /home/mschwarz/fhnw/pro4E/arduino_pro4/cmake-build-debug/CMakeFiles/CMakeTmp

Run Build Command:"/usr/bin/gmake" "cmTC_d455b/fast"
/usr/bin/gmake -f CMakeFiles/cmTC_d455b.dir/build.make CMakeFiles/cmTC_d455b.dir/build
gmake[1]: Entering directory '/home/mschwarz/fhnw/pro4E/arduino_pro4/cmake-build-debug/CMakeFiles/CMakeTmp'
Building CXX object CMakeFiles/cmTC_d455b.dir/testCXXCompiler.cxx.obj
/opt/arduino-1.8.5/hardware/tools/avr/bin/avr-g++    -g -Os -w -fno-exceptions -ffunction-sections -fdata-sections -fno-threadsafe-statics -MMD    -o CMakeFiles/cmTC_d455b.dir/testCXXCompiler.cxx.obj -c /home/mschwarz/fhnw/pro4E/arduino_pro4/cmake-build-debug/CMakeFiles/CMakeTmp/testCXXCompiler.cxx
Linking CXX executable cmTC_d455b
/opt/clion-2017.2.3/bin/cmake/bin/cmake -E cmake_link_script CMakeFiles/cmTC_d455b.dir/link.txt --verbose=1
/opt/arduino-1.8.5/hardware/tools/avr/bin/avr-g++  -g -Os -w -fno-exceptions -ffunction-sections -fdata-sections -fno-threadsafe-statics -MMD   -w -Os -Wl,--gc-sections  CMakeFiles/cmTC_d455b.dir/testCXXCompiler.cxx.obj  -o cmTC_d455b 
gmake[1]: Leaving directory '/home/mschwarz/fhnw/pro4E/arduino_pro4/cmake-build-debug/CMakeFiles/CMakeTmp'


Detecting CXX compiler ABI info compiled with the following output:
Change Dir: /home/mschwarz/fhnw/pro4E/arduino_pro4/cmake-build-debug/CMakeFiles/CMakeTmp

Run Build Command:"/usr/bin/gmake" "cmTC_f94f8/fast"
/usr/bin/gmake -f CMakeFiles/cmTC_f94f8.dir/build.make CMakeFiles/cmTC_f94f8.dir/build
gmake[1]: Entering directory '/home/mschwarz/fhnw/pro4E/arduino_pro4/cmake-build-debug/CMakeFiles/CMakeTmp'
Building CXX object CMakeFiles/cmTC_f94f8.dir/CMakeCXXCompilerABI.cpp.obj
/opt/arduino-1.8.5/hardware/tools/avr/bin/avr-g++    -g -Os -w -fno-exceptions -ffunction-sections -fdata-sections -fno-threadsafe-statics -MMD    -o CMakeFiles/cmTC_f94f8.dir/CMakeCXXCompilerABI.cpp.obj -c /opt/clion-2017.2.3/bin/cmake/share/cmake-3.8/Modules/CMakeCXXCompilerABI.cpp
Linking CXX executable cmTC_f94f8
/opt/clion-2017.2.3/bin/cmake/bin/cmake -E cmake_link_script CMakeFiles/cmTC_f94f8.dir/link.txt --verbose=1
/opt/arduino-1.8.5/hardware/tools/avr/bin/avr-g++  -g -Os -w -fno-exceptions -ffunction-sections -fdata-sections -fno-threadsafe-statics -MMD   -w -Os -Wl,--gc-sections -v CMakeFiles/cmTC_f94f8.dir/CMakeCXXCompilerABI.cpp.obj  -o cmTC_f94f8 
Using built-in specs.
Reading specs from /opt/arduino-1.8.5/hardware/tools/avr/bin/../lib/gcc/avr/4.9.2/device-specs/specs-avr2
COLLECT_GCC=/opt/arduino-1.8.5/hardware/tools/avr/bin/avr-g++
COLLECT_LTO_WRAPPER=/opt/arduino-1.8.5/hardware/tools/avr/bin/../libexec/gcc/avr/4.9.2/lto-wrapper
Target: avr
Configured with: ../gcc/configure --enable-fixed-point --enable-languages=c,c++ --prefix=/home/jenkins/workspace/avr-gcc/label/debian7-x86_64/objdir --enable-long-long --disable-nls --disable-checking --disable-libssp --disable-libada --disable-shared --enable-lto --with-avrlibc=yes --with-dwarf2 --disable-doc --target=avr
Thread model: single
gcc version 4.9.2 (GCC) 
COMPILER_PATH=/opt/arduino-1.8.5/hardware/tools/avr/bin/../libexec/gcc/avr/4.9.2/:/opt/arduino-1.8.5/hardware/tools/avr/bin/../libexec/gcc/:/opt/arduino-1.8.5/hardware/tools/avr/bin/../lib/gcc/avr/4.9.2/../../../../avr/bin/
LIBRARY_PATH=/opt/arduino-1.8.5/hardware/tools/avr/bin/../lib/gcc/avr/4.9.2/:/opt/arduino-1.8.5/hardware/tools/avr/bin/../lib/gcc/:/opt/arduino-1.8.5/hardware/tools/avr/bin/../lib/gcc/avr/4.9.2/../../../../avr/lib/
COLLECT_GCC_OPTIONS='-g' '-Os' '-w' '-fno-exceptions' '-ffunction-sections' '-fdata-sections' '-fno-threadsafe-statics' '-MMD' '-w' '-Os' '-v' '-o' 'cmTC_f94f8' '-specs=device-specs/specs-avr2'
 /opt/arduino-1.8.5/hardware/tools/avr/bin/../libexec/gcc/avr/4.9.2/collect2 -plugin /opt/arduino-1.8.5/hardware/tools/avr/bin/../libexec/gcc/avr/4.9.2/liblto_plugin.so -plugin-opt=/opt/arduino-1.8.5/hardware/tools/avr/bin/../libexec/gcc/avr/4.9.2/lto-wrapper -plugin-opt=-fresolution=/tmp/ccYCbbnv.res -plugin-opt=-pass-through=-lgcc -plugin-opt=-pass-through=-lm -plugin-opt=-pass-through=-lc -o cmTC_f94f8 -L/opt/arduino-1.8.5/hardware/tools/avr/bin/../lib/gcc/avr/4.9.2 -L/opt/arduino-1.8.5/hardware/tools/avr/bin/../lib/gcc -L/opt/arduino-1.8.5/hardware/tools/avr/bin/../lib/gcc/avr/4.9.2/../../../../avr/lib --gc-sections CMakeFiles/cmTC_f94f8.dir/CMakeCXXCompilerABI.cpp.obj -lgcc -lm --start-group -lgcc -lm -lc --end-group
gmake[1]: Leaving directory '/home/mschwarz/fhnw/pro4E/arduino_pro4/cmake-build-debug/CMakeFiles/CMakeTmp'


Parsed CXX implicit link information from above output:
  link line regex: [^( *|.*[/\])(avr-ld|([^/\]+-)?ld|collect2)[^/\]*( |$)]
  ignore line: [Change Dir: /home/mschwarz/fhnw/pro4E/arduino_pro4/cmake-build-debug/CMakeFiles/CMakeTmp]
  ignore line: []
  ignore line: [Run Build Command:"/usr/bin/gmake" "cmTC_f94f8/fast"]
  ignore line: [/usr/bin/gmake -f CMakeFiles/cmTC_f94f8.dir/build.make CMakeFiles/cmTC_f94f8.dir/build]
  ignore line: [gmake[1]: Entering directory '/home/mschwarz/fhnw/pro4E/arduino_pro4/cmake-build-debug/CMakeFiles/CMakeTmp']
  ignore line: [Building CXX object CMakeFiles/cmTC_f94f8.dir/CMakeCXXCompilerABI.cpp.obj]
  ignore line: [/opt/arduino-1.8.5/hardware/tools/avr/bin/avr-g++    -g -Os -w -fno-exceptions -ffunction-sections -fdata-sections -fno-threadsafe-statics -MMD    -o CMakeFiles/cmTC_f94f8.dir/CMakeCXXCompilerABI.cpp.obj -c /opt/clion-2017.2.3/bin/cmake/share/cmake-3.8/Modules/CMakeCXXCompilerABI.cpp]
  ignore line: [Linking CXX executable cmTC_f94f8]
  ignore line: [/opt/clion-2017.2.3/bin/cmake/bin/cmake -E cmake_link_script CMakeFiles/cmTC_f94f8.dir/link.txt --verbose=1]
  ignore line: [/opt/arduino-1.8.5/hardware/tools/avr/bin/avr-g++  -g -Os -w -fno-exceptions -ffunction-sections -fdata-sections -fno-threadsafe-statics -MMD   -w -Os -Wl,--gc-sections -v CMakeFiles/cmTC_f94f8.dir/CMakeCXXCompilerABI.cpp.obj  -o cmTC_f94f8 ]
  ignore line: [Using built-in specs.]
  ignore line: [Reading specs from /opt/arduino-1.8.5/hardware/tools/avr/bin/../lib/gcc/avr/4.9.2/device-specs/specs-avr2]
  ignore line: [COLLECT_GCC=/opt/arduino-1.8.5/hardware/tools/avr/bin/avr-g++]
  ignore line: [COLLECT_LTO_WRAPPER=/opt/arduino-1.8.5/hardware/tools/avr/bin/../libexec/gcc/avr/4.9.2/lto-wrapper]
  ignore line: [Target: avr]
  ignore line: [Configured with: ../gcc/configure --enable-fixed-point --enable-languages=c,c++ --prefix=/home/jenkins/workspace/avr-gcc/label/debian7-x86_64/objdir --enable-long-long --disable-nls --disable-checking --disable-libssp --disable-libada --disable-shared --enable-lto --with-avrlibc=yes --with-dwarf2 --disable-doc --target=avr]
  ignore line: [Thread model: single]
  ignore line: [gcc version 4.9.2 (GCC) ]
  ignore line: [COMPILER_PATH=/opt/arduino-1.8.5/hardware/tools/avr/bin/../libexec/gcc/avr/4.9.2/:/opt/arduino-1.8.5/hardware/tools/avr/bin/../libexec/gcc/:/opt/arduino-1.8.5/hardware/tools/avr/bin/../lib/gcc/avr/4.9.2/../../../../avr/bin/]
  ignore line: [LIBRARY_PATH=/opt/arduino-1.8.5/hardware/tools/avr/bin/../lib/gcc/avr/4.9.2/:/opt/arduino-1.8.5/hardware/tools/avr/bin/../lib/gcc/:/opt/arduino-1.8.5/hardware/tools/avr/bin/../lib/gcc/avr/4.9.2/../../../../avr/lib/]
  ignore line: [COLLECT_GCC_OPTIONS='-g' '-Os' '-w' '-fno-exceptions' '-ffunction-sections' '-fdata-sections' '-fno-threadsafe-statics' '-MMD' '-w' '-Os' '-v' '-o' 'cmTC_f94f8' '-specs=device-specs/specs-avr2']
  link line: [ /opt/arduino-1.8.5/hardware/tools/avr/bin/../libexec/gcc/avr/4.9.2/collect2 -plugin /opt/arduino-1.8.5/hardware/tools/avr/bin/../libexec/gcc/avr/4.9.2/liblto_plugin.so -plugin-opt=/opt/arduino-1.8.5/hardware/tools/avr/bin/../libexec/gcc/avr/4.9.2/lto-wrapper -plugin-opt=-fresolution=/tmp/ccYCbbnv.res -plugin-opt=-pass-through=-lgcc -plugin-opt=-pass-through=-lm -plugin-opt=-pass-through=-lc -o cmTC_f94f8 -L/opt/arduino-1.8.5/hardware/tools/avr/bin/../lib/gcc/avr/4.9.2 -L/opt/arduino-1.8.5/hardware/tools/avr/bin/../lib/gcc -L/opt/arduino-1.8.5/hardware/tools/avr/bin/../lib/gcc/avr/4.9.2/../../../../avr/lib --gc-sections CMakeFiles/cmTC_f94f8.dir/CMakeCXXCompilerABI.cpp.obj -lgcc -lm --start-group -lgcc -lm -lc --end-group]
    arg [/opt/arduino-1.8.5/hardware/tools/avr/bin/../libexec/gcc/avr/4.9.2/collect2] ==> ignore
    arg [-plugin] ==> ignore
    arg [/opt/arduino-1.8.5/hardware/tools/avr/bin/../libexec/gcc/avr/4.9.2/liblto_plugin.so] ==> ignore
    arg [-plugin-opt=/opt/arduino-1.8.5/hardware/tools/avr/bin/../libexec/gcc/avr/4.9.2/lto-wrapper] ==> ignore
    arg [-plugin-opt=-fresolution=/tmp/ccYCbbnv.res] ==> ignore
    arg [-plugin-opt=-pass-through=-lgcc] ==> ignore
    arg [-plugin-opt=-pass-through=-lm] ==> ignore
    arg [-plugin-opt=-pass-through=-lc] ==> ignore
    arg [-o] ==> ignore
    arg [cmTC_f94f8] ==> ignore
    arg [-L/opt/arduino-1.8.5/hardware/tools/avr/bin/../lib/gcc/avr/4.9.2] ==> dir [/opt/arduino-1.8.5/hardware/tools/avr/bin/../lib/gcc/avr/4.9.2]
    arg [-L/opt/arduino-1.8.5/hardware/tools/avr/bin/../lib/gcc] ==> dir [/opt/arduino-1.8.5/hardware/tools/avr/bin/../lib/gcc]
    arg [-L/opt/arduino-1.8.5/hardware/tools/avr/bin/../lib/gcc/avr/4.9.2/../../../../avr/lib] ==> dir [/opt/arduino-1.8.5/hardware/tools/avr/bin/../lib/gcc/avr/4.9.2/../../../../avr/lib]
    arg [--gc-sections] ==> ignore
    arg [CMakeFiles/cmTC_f94f8.dir/CMakeCXXCompilerABI.cpp.obj] ==> ignore
    arg [-lgcc] ==> lib [gcc]
    arg [-lm] ==> lib [m]
    arg [--start-group] ==> ignore
    arg [-lgcc] ==> lib [gcc]
    arg [-lm] ==> lib [m]
    arg [-lc] ==> lib [c]
    arg [--end-group] ==> ignore
  remove lib [gcc]
  remove lib [gcc]
  collapse library dir [/opt/arduino-1.8.5/hardware/tools/avr/bin/../lib/gcc/avr/4.9.2] ==> [/opt/arduino-1.8.5/hardware/tools/avr/lib/gcc/avr/4.9.2]
  collapse library dir [/opt/arduino-1.8.5/hardware/tools/avr/bin/../lib/gcc] ==> [/opt/arduino-1.8.5/hardware/tools/avr/lib/gcc]
  collapse library dir [/opt/arduino-1.8.5/hardware/tools/avr/bin/../lib/gcc/avr/4.9.2/../../../../avr/lib] ==> [/opt/arduino-1.8.5/hardware/tools/avr/avr/lib]
  implicit libs: [m;m;c]
  implicit dirs: [/opt/arduino-1.8.5/hardware/tools/avr/lib/gcc/avr/4.9.2;/opt/arduino-1.8.5/hardware/tools/avr/lib/gcc;/opt/arduino-1.8.5/hardware/tools/avr/avr/lib]
  implicit fwks: []




Detecting CXX [-std=c++14] compiler features compiled with the following output:
Change Dir: /home/mschwarz/fhnw/pro4E/arduino_pro4/cmake-build-debug/CMakeFiles/CMakeTmp

Run Build Command:"/usr/bin/gmake" "cmTC_df5f6/fast"
/usr/bin/gmake -f CMakeFiles/cmTC_df5f6.dir/build.make CMakeFiles/cmTC_df5f6.dir/build
gmake[1]: Entering directory '/home/mschwarz/fhnw/pro4E/arduino_pro4/cmake-build-debug/CMakeFiles/CMakeTmp'
Building CXX object CMakeFiles/cmTC_df5f6.dir/feature_tests.cxx.obj
/opt/arduino-1.8.5/hardware/tools/avr/bin/avr-g++    -g -Os -w -fno-exceptions -ffunction-sections -fdata-sections -fno-threadsafe-statics -MMD    -std=c++14 -o CMakeFiles/cmTC_df5f6.dir/feature_tests.cxx.obj -c /home/mschwarz/fhnw/pro4E/arduino_pro4/cmake-build-debug/CMakeFiles/feature_tests.cxx
Linking CXX executable cmTC_df5f6
/opt/clion-2017.2.3/bin/cmake/bin/cmake -E cmake_link_script CMakeFiles/cmTC_df5f6.dir/link.txt --verbose=1
/opt/arduino-1.8.5/hardware/tools/avr/bin/avr-g++  -g -Os -w -fno-exceptions -ffunction-sections -fdata-sections -fno-threadsafe-statics -MMD   -w -Os -Wl,--gc-sections  CMakeFiles/cmTC_df5f6.dir/feature_tests.cxx.obj  -o cmTC_df5f6 
gmake[1]: Leaving directory '/home/mschwarz/fhnw/pro4E/arduino_pro4/cmake-build-debug/CMakeFiles/CMakeTmp'




Detecting CXX [-std=c++11] compiler features compiled with the following output:
Change Dir: /home/mschwarz/fhnw/pro4E/arduino_pro4/cmake-build-debug/CMakeFiles/CMakeTmp

Run Build Command:"/usr/bin/gmake" "cmTC_a2dff/fast"
/usr/bin/gmake -f CMakeFiles/cmTC_a2dff.dir/build.make CMakeFiles/cmTC_a2dff.dir/build
gmake[1]: Entering directory '/home/mschwarz/fhnw/pro4E/arduino_pro4/cmake-build-debug/CMakeFiles/CMakeTmp'
Building CXX object CMakeFiles/cmTC_a2dff.dir/feature_tests.cxx.obj
/opt/arduino-1.8.5/hardware/tools/avr/bin/avr-g++    -g -Os -w -fno-exceptions -ffunction-sections -fdata-sections -fno-threadsafe-statics -MMD    -std=c++11 -o CMakeFiles/cmTC_a2dff.dir/feature_tests.cxx.obj -c /home/mschwarz/fhnw/pro4E/arduino_pro4/cmake-build-debug/CMakeFiles/feature_tests.cxx
Linking CXX executable cmTC_a2dff
/opt/clion-2017.2.3/bin/cmake/bin/cmake -E cmake_link_script CMakeFiles/cmTC_a2dff.dir/link.txt --verbose=1
/opt/arduino-1.8.5/hardware/tools/avr/bin/avr-g++  -g -Os -w -fno-exceptions -ffunction-sections -fdata-sections -fno-threadsafe-statics -MMD   -w -Os -Wl,--gc-sections  CMakeFiles/cmTC_a2dff.dir/feature_tests.cxx.obj  -o cmTC_a2dff 
gmake[1]: Leaving directory '/home/mschwarz/fhnw/pro4E/arduino_pro4/cmake-build-debug/CMakeFiles/CMakeTmp'




Detecting CXX [-std=c++98] compiler features compiled with the following output:
Change Dir: /home/mschwarz/fhnw/pro4E/arduino_pro4/cmake-build-debug/CMakeFiles/CMakeTmp

Run Build Command:"/usr/bin/gmake" "cmTC_e1f6f/fast"
/usr/bin/gmake -f CMakeFiles/cmTC_e1f6f.dir/build.make CMakeFiles/cmTC_e1f6f.dir/build
gmake[1]: Entering directory '/home/mschwarz/fhnw/pro4E/arduino_pro4/cmake-build-debug/CMakeFiles/CMakeTmp'
Building CXX object CMakeFiles/cmTC_e1f6f.dir/feature_tests.cxx.obj
/opt/arduino-1.8.5/hardware/tools/avr/bin/avr-g++    -g -Os -w -fno-exceptions -ffunction-sections -fdata-sections -fno-threadsafe-statics -MMD    -std=c++98 -o CMakeFiles/cmTC_e1f6f.dir/feature_tests.cxx.obj -c /home/mschwarz/fhnw/pro4E/arduino_pro4/cmake-build-debug/CMakeFiles/feature_tests.cxx
Linking CXX executable cmTC_e1f6f
/opt/clion-2017.2.3/bin/cmake/bin/cmake -E cmake_link_script CMakeFiles/cmTC_e1f6f.dir/link.txt --verbose=1
/opt/arduino-1.8.5/hardware/tools/avr/bin/avr-g++  -g -Os -w -fno-exceptions -ffunction-sections -fdata-sections -fno-threadsafe-statics -MMD   -w -Os -Wl,--gc-sections  CMakeFiles/cmTC_e1f6f.dir/feature_tests.cxx.obj  -o cmTC_e1f6f 
gmake[1]: Leaving directory '/home/mschwarz/fhnw/pro4E/arduino_pro4/cmake-build-debug/CMakeFiles/CMakeTmp'


